<?xml version="1.0" encoding="UTF-8"?>
<!-- Generated by org.testng.reporters.JUnitReportReporter -->
<testsuite hostname="Manojs-Air.phub.net.cable.rogers.com" failures="0" tests="1" name="runner.TestRunner" time="52.445" errors="0" timestamp="2023-07-18T21:16:37 EDT" skipped="0">
  <testcase classname="runner.TestRunner" name="runScenario" time="52.445"/>
</testsuite> <!-- runner.TestRunner -->
