<?xml version="1.0" encoding="UTF-8"?>
<!-- Generated by org.testng.reporters.JUnitReportReporter -->
<testsuite hostname="Manojs-Air.phub.net.cable.rogers.com" failures="0" tests="1" name="runner.TestRunner" time="30.909" errors="0" timestamp="2023-07-17T21:04:01 EDT" skipped="0">
  <testcase classname="runner.TestRunner" name="runScenario" time="30.909"/>
</testsuite> <!-- runner.TestRunner -->
